  315310407_ProyectoFinalL+_GPO4.cpp
C:\Users\user\Desktop\Grafica\ProyectoFinalL+\ProyectoFinalL+\ProyectoFinalL+\315310407_ProyectoFinalL+_GPO4.cpp(43,13): warning C4244: 'inicializando': conversión de 'float' a 'int'; posible pérdida de datos
C:\Users\user\Desktop\Grafica\ProyectoFinalL+\ProyectoFinalL+\ProyectoFinalL+\315310407_ProyectoFinalL+_GPO4.cpp(44,14): warning C4244: 'inicializando': conversión de 'float' a 'int'; posible pérdida de datos
C:\Users\user\Desktop\Grafica\ProyectoFinalL+\ProyectoFinalL+\ProyectoFinalL+\315310407_ProyectoFinalL+_GPO4.cpp(47,14): warning C4244: 'inicializando': conversión de 'float' a 'int'; posible pérdida de datos
C:\Users\user\Desktop\Grafica\ProyectoFinalL+\ProyectoFinalL+\ProyectoFinalL+\315310407_ProyectoFinalL+_GPO4.cpp(48,14): warning C4244: 'inicializando': conversión de 'float' a 'int'; posible pérdida de datos
C:\Users\user\Desktop\Grafica\ProyectoFinalL+\ProyectoFinalL+\ProyectoFinalL+\315310407_ProyectoFinalL+_GPO4.cpp(110,30): warning C4244: 'inicializando': conversión de 'double' a 'GLfloat'; posible pérdida de datos
C:\Users\user\Desktop\Grafica\ProyectoFinalL+\ProyectoFinalL+\ProyectoFinalL+\315310407_ProyectoFinalL+_GPO4.cpp(248,17): warning C4244: '=': conversión de 'double' a 'GLfloat'; posible pérdida de datos
C:\Users\user\Desktop\Grafica\ProyectoFinalL+\ProyectoFinalL+\ProyectoFinalL+\315310407_ProyectoFinalL+_GPO4.cpp(249,17): warning C4244: '=': conversión de 'double' a 'GLfloat'; posible pérdida de datos
C:\Users\user\Desktop\Grafica\ProyectoFinalL+\ProyectoFinalL+\ProyectoFinalL+\315310407_ProyectoFinalL+_GPO4.cpp(253,21): warning C4244: 'inicializando': conversión de 'double' a 'GLfloat'; posible pérdida de datos
C:\Users\user\Desktop\Grafica\ProyectoFinalL+\ProyectoFinalL+\ProyectoFinalL+\315310407_ProyectoFinalL+_GPO4.cpp(254,21): warning C4244: 'inicializando': conversión de 'double' a 'GLfloat'; posible pérdida de datos
C:\Users\user\Desktop\Grafica\ProyectoFinalL+\ProyectoFinalL+\ProyectoFinalL+\315310407_ProyectoFinalL+_GPO4.cpp(256,13): warning C4244: '=': conversión de 'double' a 'GLfloat'; posible pérdida de datos
C:\Users\user\Desktop\Grafica\ProyectoFinalL+\ProyectoFinalL+\ProyectoFinalL+\315310407_ProyectoFinalL+_GPO4.cpp(257,13): warning C4244: '=': conversión de 'double' a 'GLfloat'; posible pérdida de datos
soil2-debug.lib(SOIL2.obj) : warning LNK4075: se omite '/EDITANDCONTINUE' debido a la especificación '/OPT:ICF'
LINK : warning LNK4098: la biblioteca predeterminada'MSVCRTD' entra en conflicto con otras bibliotecas; use la biblioteca /NODEFAULTLIB:biblioteca
  Generando código
  Previous IPDB not found, fall back to full compilation.
  All 620 functions were compiled because no usable IPDB/IOBJ from previous compilation was found.
  Generación de código finalizada
soil2-debug.lib(etc1_utils.obj) : warning LNK4099: no se encontró PDB 'soil2-debug.pdb' con 'soil2-debug.lib(etc1_utils.obj)' o en 'C:\Users\user\Desktop\Grafica\ProyectoFinalL+\ProyectoFinalL+\Release\soil2-debug.pdb'; se vinculará el objeto sin tener en cuenta información de depuración
soil2-debug.lib(image_DXT.obj) : warning LNK4099: no se encontró PDB 'soil2-debug.pdb' con 'soil2-debug.lib(image_DXT.obj)' o en 'C:\Users\user\Desktop\Grafica\ProyectoFinalL+\ProyectoFinalL+\Release\soil2-debug.pdb'; se vinculará el objeto sin tener en cuenta información de depuración
soil2-debug.lib(image_helper.obj) : warning LNK4099: no se encontró PDB 'soil2-debug.pdb' con 'soil2-debug.lib(image_helper.obj)' o en 'C:\Users\user\Desktop\Grafica\ProyectoFinalL+\ProyectoFinalL+\Release\soil2-debug.pdb'; se vinculará el objeto sin tener en cuenta información de depuración
soil2-debug.lib(SOIL2.obj) : warning LNK4099: no se encontró PDB 'soil2-debug.pdb' con 'soil2-debug.lib(SOIL2.obj)' o en 'C:\Users\user\Desktop\Grafica\ProyectoFinalL+\ProyectoFinalL+\Release\soil2-debug.pdb'; se vinculará el objeto sin tener en cuenta información de depuración
  ProyectoFinalL+.vcxproj -> C:\Users\user\Desktop\Grafica\ProyectoFinalL+\ProyectoFinalL+\Release\ProyectoFinalL+.exe
